<?xml version="1.0" encoding="UTF-8"?>
<coverage generated="1775043910">
  <project timestamp="1775043910">
    <file name="/var/www/src/Aura.php">
      <class name="Aura\Aura" namespace="global">
        <metrics complexity="3" methods="2" coveredmethods="2" conditionals="0" coveredconditionals="0" statements="4" coveredstatements="4" elements="6" coveredelements="6"/>
      </class>
      <line num="12" type="method" name="auth" visibility="public" complexity="1" crap="1" count="7"/>
      <line num="14" type="stmt" count="7"/>
      <line num="17" type="method" name="check" visibility="public" complexity="2" crap="2" count="8"/>
      <line num="19" type="stmt" count="8"/>
      <line num="20" type="stmt" count="1"/>
      <line num="23" type="stmt" count="7"/>
      <metrics loc="26" ncloc="25" classes="1" methods="2" coveredmethods="2" conditionals="0" coveredconditionals="0" statements="4" coveredstatements="4" elements="6" coveredelements="6"/>
    </file>
    <file name="/var/www/src/AuraServiceProvider.php">
      <class name="Aura\AuraServiceProvider" namespace="global">
        <metrics complexity="8" methods="4" coveredmethods="2" conditionals="0" coveredconditionals="0" statements="36" coveredstatements="32" elements="40" coveredelements="34"/>
      </class>
      <line num="22" type="method" name="register" visibility="public" complexity="1" crap="1.01" count="43"/>
      <line num="24" type="stmt" count="43"/>
      <line num="26" type="stmt" count="43"/>
      <line num="27" type="stmt" count="43"/>
      <line num="29" type="stmt" count="43"/>
      <line num="30" type="stmt" count="43"/>
      <line num="31" type="stmt" count="43"/>
      <line num="32" type="stmt" count="43"/>
      <line num="34" type="stmt" count="43"/>
      <line num="35" type="stmt" count="0"/>
      <line num="36" type="stmt" count="0"/>
      <line num="37" type="stmt" count="0"/>
      <line num="38" type="stmt" count="43"/>
      <line num="40" type="stmt" count="43"/>
      <line num="46" type="method" name="boot" visibility="public" complexity="3" crap="3.00" count="43"/>
      <line num="48" type="stmt" count="43"/>
      <line num="49" type="stmt" count="0"/>
      <line num="52" type="stmt" count="43"/>
      <line num="54" type="stmt" count="43"/>
      <line num="56" type="stmt" count="43"/>
      <line num="57" type="stmt" count="43"/>
      <line num="58" type="stmt" count="43"/>
      <line num="59" type="stmt" count="43"/>
      <line num="60" type="stmt" count="43"/>
      <line num="63" type="stmt" count="43"/>
      <line num="64" type="stmt" count="5"/>
      <line num="65" type="stmt" count="43"/>
      <line num="67" type="stmt" count="43"/>
      <line num="70" type="method" name="registerResources" visibility="protected" complexity="2" crap="2" count="43"/>
      <line num="72" type="stmt" count="43"/>
      <line num="73" type="stmt" count="43"/>
      <line num="74" type="stmt" count="43"/>
      <line num="75" type="stmt" count="43"/>
      <line num="77" type="stmt" count="43"/>
      <line num="80" type="stmt" count="43"/>
      <line num="81" type="stmt" count="43"/>
      <line num="87" type="method" name="registerCollectors" visibility="protected" complexity="2" crap="2" count="43"/>
      <line num="89" type="stmt" count="43"/>
      <line num="91" type="stmt" count="43"/>
      <line num="92" type="stmt" count="43"/>
      <metrics loc="96" ncloc="90" classes="1" methods="4" coveredmethods="2" conditionals="0" coveredconditionals="0" statements="36" coveredstatements="32" elements="40" coveredelements="34"/>
    </file>
    <file name="/var/www/src/Collectors/Cache/CacheCollector.php">
      <class name="Aura\Collectors\Cache\CacheCollector" namespace="global">
        <metrics complexity="6" methods="6" coveredmethods="6" conditionals="0" coveredconditionals="0" statements="16" coveredstatements="16" elements="22" coveredelements="22"/>
      </class>
      <line num="21" type="method" name="__construct" visibility="public" complexity="1" crap="1" count="43"/>
      <line num="24" type="stmt" count="43"/>
      <line num="26" type="method" name="register" visibility="public" complexity="1" crap="1" count="43"/>
      <line num="28" type="stmt" count="43"/>
      <line num="29" type="stmt" count="43"/>
      <line num="30" type="stmt" count="43"/>
      <line num="33" type="method" name="handleCacheHit" visibility="public" complexity="1" crap="1" count="1"/>
      <line num="35" type="stmt" count="1"/>
      <line num="38" type="method" name="handleCacheMiss" visibility="public" complexity="1" crap="1" count="1"/>
      <line num="40" type="stmt" count="1"/>
      <line num="43" type="method" name="handleKeyWritten" visibility="public" complexity="1" crap="1" count="1"/>
      <line num="45" type="stmt" count="1"/>
      <line num="53" type="method" name="collect" visibility="protected" complexity="1" crap="1" count="3"/>
      <line num="55" type="stmt" count="3"/>
      <line num="56" type="stmt" count="3"/>
      <line num="57" type="stmt" count="3"/>
      <line num="58" type="stmt" count="3"/>
      <line num="59" type="stmt" count="3"/>
      <line num="60" type="stmt" count="3"/>
      <line num="61" type="stmt" count="3"/>
      <line num="62" type="stmt" count="3"/>
      <line num="63" type="stmt" count="3"/>
      <metrics loc="66" ncloc="58" classes="1" methods="6" coveredmethods="6" conditionals="0" coveredconditionals="0" statements="16" coveredstatements="16" elements="22" coveredelements="22"/>
    </file>
    <file name="/var/www/src/Collectors/Database/DatabaseQueryCollector.php">
      <class name="Aura\Collectors\Database\DatabaseQueryCollector" namespace="global">
        <metrics complexity="3" methods="3" coveredmethods="3" conditionals="0" coveredconditionals="0" statements="14" coveredstatements="14" elements="17" coveredelements="17"/>
      </class>
      <line num="19" type="method" name="__construct" visibility="public" complexity="1" crap="1" count="43"/>
      <line num="22" type="stmt" count="43"/>
      <line num="27" type="method" name="register" visibility="public" complexity="1" crap="1" count="43"/>
      <line num="29" type="stmt" count="43"/>
      <line num="30" type="stmt" count="43"/>
      <line num="31" type="stmt" count="43"/>
      <line num="43" type="method" name="collect" visibility="protected" complexity="1" crap="1" count="43"/>
      <line num="45" type="stmt" count="43"/>
      <line num="46" type="stmt" count="43"/>
      <line num="47" type="stmt" count="43"/>
      <line num="48" type="stmt" count="43"/>
      <line num="49" type="stmt" count="43"/>
      <line num="50" type="stmt" count="43"/>
      <line num="51" type="stmt" count="43"/>
      <line num="52" type="stmt" count="43"/>
      <line num="53" type="stmt" count="43"/>
      <line num="54" type="stmt" count="43"/>
      <metrics loc="57" ncloc="42" classes="1" methods="3" coveredmethods="3" conditionals="0" coveredconditionals="0" statements="14" coveredstatements="14" elements="17" coveredelements="17"/>
    </file>
    <file name="/var/www/src/Collectors/Jobs/JobCollector.php">
      <class name="Aura\Collectors\Jobs\JobCollector" namespace="global">
        <metrics complexity="5" methods="5" coveredmethods="5" conditionals="0" coveredconditionals="0" statements="15" coveredstatements="15" elements="20" coveredelements="20"/>
      </class>
      <line num="17" type="method" name="__construct" visibility="public" complexity="1" crap="1" count="43"/>
      <line num="20" type="stmt" count="43"/>
      <line num="25" type="method" name="register" visibility="public" complexity="1" crap="1" count="43"/>
      <line num="27" type="stmt" count="43"/>
      <line num="28" type="stmt" count="43"/>
      <line num="31" type="method" name="handleJobProcessed" visibility="public" complexity="1" crap="1" count="1"/>
      <line num="33" type="stmt" count="1"/>
      <line num="36" type="method" name="handleJobFailed" visibility="public" complexity="1" crap="1" count="1"/>
      <line num="38" type="stmt" count="1"/>
      <line num="46" type="method" name="collect" visibility="protected" complexity="1" crap="1" count="2"/>
      <line num="52" type="stmt" count="2"/>
      <line num="53" type="stmt" count="2"/>
      <line num="54" type="stmt" count="2"/>
      <line num="55" type="stmt" count="2"/>
      <line num="56" type="stmt" count="2"/>
      <line num="57" type="stmt" count="2"/>
      <line num="58" type="stmt" count="2"/>
      <line num="59" type="stmt" count="2"/>
      <line num="60" type="stmt" count="2"/>
      <line num="61" type="stmt" count="2"/>
      <metrics loc="64" ncloc="52" classes="1" methods="5" coveredmethods="5" conditionals="0" coveredconditionals="0" statements="15" coveredstatements="15" elements="20" coveredelements="20"/>
    </file>
    <file name="/var/www/src/Collectors/Requests/HttpClientCollector.php">
      <class name="Aura\Collectors\Requests\HttpClientCollector" namespace="global">
        <metrics complexity="4" methods="4" coveredmethods="4" conditionals="0" coveredconditionals="0" statements="15" coveredstatements="15" elements="19" coveredelements="19"/>
      </class>
      <line num="16" type="method" name="__construct" visibility="public" complexity="1" crap="1" count="43"/>
      <line num="19" type="stmt" count="43"/>
      <line num="21" type="method" name="register" visibility="public" complexity="1" crap="1" count="43"/>
      <line num="23" type="stmt" count="43"/>
      <line num="26" type="method" name="handleResponseReceived" visibility="public" complexity="1" crap="1" count="1"/>
      <line num="28" type="stmt" count="1"/>
      <line num="31" type="method" name="collect" visibility="protected" complexity="1" crap="1" count="1"/>
      <line num="33" type="stmt" count="1"/>
      <line num="34" type="stmt" count="1"/>
      <line num="36" type="stmt" count="1"/>
      <line num="37" type="stmt" count="1"/>
      <line num="38" type="stmt" count="1"/>
      <line num="39" type="stmt" count="1"/>
      <line num="40" type="stmt" count="1"/>
      <line num="41" type="stmt" count="1"/>
      <line num="42" type="stmt" count="1"/>
      <line num="43" type="stmt" count="1"/>
      <line num="44" type="stmt" count="1"/>
      <line num="45" type="stmt" count="1"/>
      <metrics loc="48" ncloc="48" classes="1" methods="4" coveredmethods="4" conditionals="0" coveredconditionals="0" statements="15" coveredstatements="15" elements="19" coveredelements="19"/>
    </file>
    <file name="/var/www/src/Collectors/Requests/RequestDurationCollector.php">
      <class name="Aura\Collectors\Requests\RequestDurationCollector" namespace="global">
        <metrics complexity="4" methods="3" coveredmethods="3" conditionals="0" coveredconditionals="0" statements="15" coveredstatements="15" elements="18" coveredelements="18"/>
      </class>
      <line num="16" type="method" name="__construct" visibility="public" complexity="1" crap="1" count="43"/>
      <line num="19" type="stmt" count="43"/>
      <line num="21" type="method" name="register" visibility="public" complexity="1" crap="1" count="43"/>
      <line num="23" type="stmt" count="43"/>
      <line num="24" type="stmt" count="6"/>
      <line num="25" type="stmt" count="43"/>
      <line num="32" type="method" name="collect" visibility="protected" complexity="2" crap="2" count="6"/>
      <line num="34" type="stmt" count="6"/>
      <line num="35" type="stmt" count="6"/>
      <line num="37" type="stmt" count="6"/>
      <line num="38" type="stmt" count="6"/>
      <line num="39" type="stmt" count="6"/>
      <line num="40" type="stmt" count="6"/>
      <line num="41" type="stmt" count="6"/>
      <line num="42" type="stmt" count="6"/>
      <line num="43" type="stmt" count="6"/>
      <line num="44" type="stmt" count="6"/>
      <line num="45" type="stmt" count="6"/>
      <metrics loc="48" ncloc="44" classes="1" methods="3" coveredmethods="3" conditionals="0" coveredconditionals="0" statements="15" coveredstatements="15" elements="18" coveredelements="18"/>
    </file>
    <file name="/var/www/src/Collectors/Resources/MemoryUsageCollector.php">
      <class name="Aura\Collectors\Resources\MemoryUsageCollector" namespace="global">
        <metrics complexity="3" methods="3" coveredmethods="3" conditionals="0" coveredconditionals="0" statements="12" coveredstatements="12" elements="15" coveredelements="15"/>
      </class>
      <line num="15" type="method" name="__construct" visibility="public" complexity="1" crap="1" count="43"/>
      <line num="19" type="stmt" count="43"/>
      <line num="21" type="method" name="register" visibility="public" complexity="1" crap="1" count="43"/>
      <line num="23" type="stmt" count="43"/>
      <line num="24" type="stmt" count="5"/>
      <line num="25" type="stmt" count="43"/>
      <line num="28" type="method" name="collect" visibility="public" complexity="1" crap="1" count="5"/>
      <line num="30" type="stmt" count="5"/>
      <line num="32" type="stmt" count="5"/>
      <line num="33" type="stmt" count="5"/>
      <line num="34" type="stmt" count="5"/>
      <line num="35" type="stmt" count="5"/>
      <line num="36" type="stmt" count="5"/>
      <line num="37" type="stmt" count="5"/>
      <line num="38" type="stmt" count="5"/>
      <metrics loc="41" ncloc="41" classes="1" methods="3" coveredmethods="3" conditionals="0" coveredconditionals="0" statements="12" coveredstatements="12" elements="15" coveredelements="15"/>
    </file>
    <file name="/var/www/src/Config/aura.php">
      <line num="3" type="stmt" count="43"/>
      <line num="9" type="stmt" count="43"/>
      <line num="19" type="stmt" count="43"/>
      <line num="21" type="stmt" count="43"/>
      <line num="22" type="stmt" count="43"/>
      <line num="23" type="stmt" count="43"/>
      <line num="24" type="stmt" count="43"/>
      <line num="25" type="stmt" count="43"/>
      <line num="26" type="stmt" count="43"/>
      <line num="27" type="stmt" count="43"/>
      <line num="28" type="stmt" count="43"/>
      <line num="29" type="stmt" count="43"/>
      <line num="30" type="stmt" count="43"/>
      <line num="40" type="stmt" count="43"/>
      <line num="41" type="stmt" count="43"/>
      <line num="42" type="stmt" count="43"/>
      <line num="43" type="stmt" count="43"/>
      <line num="44" type="stmt" count="43"/>
      <line num="45" type="stmt" count="43"/>
      <line num="46" type="stmt" count="43"/>
      <line num="47" type="stmt" count="43"/>
      <line num="49" type="stmt" count="43"/>
      <line num="50" type="stmt" count="43"/>
      <line num="52" type="stmt" count="43"/>
      <line num="55" type="stmt" count="43"/>
      <line num="56" type="stmt" count="43"/>
      <line num="57" type="stmt" count="43"/>
      <line num="58" type="stmt" count="43"/>
      <line num="59" type="stmt" count="43"/>
      <metrics loc="60" ncloc="39" classes="0" methods="0" coveredmethods="0" conditionals="0" coveredconditionals="0" statements="29" coveredstatements="29" elements="29" coveredelements="29"/>
    </file>
    <file name="/var/www/src/Console/Commands/InstallCommand.php">
      <class name="Aura\Console\Commands\InstallCommand" namespace="global">
        <metrics complexity="4" methods="3" coveredmethods="2" conditionals="0" coveredconditionals="0" statements="10" coveredstatements="9" elements="13" coveredelements="11"/>
      </class>
      <line num="15" type="method" name="handle" visibility="public" complexity="1" crap="1" count="1"/>
      <line num="17" type="stmt" count="1"/>
      <line num="19" type="stmt" count="1"/>
      <line num="20" type="stmt" count="1"/>
      <line num="22" type="stmt" count="1"/>
      <line num="23" type="stmt" count="1"/>
      <line num="26" type="method" name="publishConfiguration" visibility="protected" complexity="1" crap="1" count="1"/>
      <line num="28" type="stmt" count="1"/>
      <line num="29" type="stmt" count="1"/>
      <line num="30" type="stmt" count="1"/>
      <line num="33" type="method" name="runMigrations" visibility="protected" complexity="2" crap="2.50" count="1"/>
      <line num="35" type="stmt" count="1"/>
      <line num="36" type="stmt" count="0"/>
      <metrics loc="40" ncloc="40" classes="1" methods="3" coveredmethods="2" conditionals="0" coveredconditionals="0" statements="10" coveredstatements="9" elements="13" coveredelements="11"/>
    </file>
    <file name="/var/www/src/Console/Commands/PruneCommand.php">
      <class name="Aura\Console\Commands\PruneCommand" namespace="global">
        <metrics complexity="1" methods="1" coveredmethods="1" conditionals="0" coveredconditionals="0" statements="5" coveredstatements="5" elements="6" coveredelements="6"/>
      </class>
      <line num="16" type="method" name="handle" visibility="public" complexity="1" crap="1" count="1"/>
      <line num="18" type="stmt" count="1"/>
      <line num="19" type="stmt" count="1"/>
      <line num="21" type="stmt" count="1"/>
      <line num="23" type="stmt" count="1"/>
      <line num="25" type="stmt" count="1"/>
      <metrics loc="28" ncloc="28" classes="1" methods="1" coveredmethods="1" conditionals="0" coveredconditionals="0" statements="5" coveredstatements="5" elements="6" coveredelements="6"/>
    </file>
    <file name="/var/www/src/Contracts/CollectorInterface.php">
      <metrics loc="11" ncloc="11" classes="0" methods="0" coveredmethods="0" conditionals="0" coveredconditionals="0" statements="0" coveredstatements="0" elements="0" coveredelements="0"/>
    </file>
    <file name="/var/www/src/Contracts/InsightInterface.php">
      <metrics loc="20" ncloc="14" classes="0" methods="0" coveredmethods="0" conditionals="0" coveredconditionals="0" statements="0" coveredstatements="0" elements="0" coveredelements="0"/>
    </file>
    <file name="/var/www/src/Contracts/StorageInterface.php">
      <metrics loc="28" ncloc="21" classes="0" methods="0" coveredmethods="0" conditionals="0" coveredconditionals="0" statements="0" coveredstatements="0" elements="0" coveredelements="0"/>
    </file>
    <file name="/var/www/src/Core/AuraManager.php">
      <class name="Aura\Core\AuraManager" namespace="global">
        <metrics complexity="10" methods="5" coveredmethods="3" conditionals="0" coveredconditionals="0" statements="25" coveredstatements="23" elements="30" coveredelements="26"/>
      </class>
      <line num="16" type="method" name="__construct" visibility="public" complexity="1" crap="1" count="43"/>
      <line num="22" type="stmt" count="43"/>
      <line num="24" type="method" name="record" visibility="public" complexity="1" crap="1" count="43"/>
      <line num="27" type="stmt" count="43"/>
      <line num="30" type="stmt" count="43"/>
      <line num="32" type="stmt" count="43"/>
      <line num="33" type="stmt" count="43"/>
      <line num="34" type="stmt" count="43"/>
      <line num="35" type="stmt" count="43"/>
      <line num="36" type="stmt" count="43"/>
      <line num="37" type="stmt" count="43"/>
      <line num="38" type="stmt" count="43"/>
      <line num="40" type="stmt" count="43"/>
      <line num="43" type="method" name="flush" visibility="public" complexity="6" crap="6.02" count="9"/>
      <line num="45" type="stmt" count="9"/>
      <line num="46" type="stmt" count="0"/>
      <line num="49" type="stmt" count="9"/>
      <line num="52" type="stmt" count="9"/>
      <line num="59" type="stmt" count="9"/>
      <line num="60" type="stmt" count="9"/>
      <line num="61" type="stmt" count="9"/>
      <line num="63" type="stmt" count="6"/>
      <line num="64" type="stmt" count="9"/>
      <line num="66" type="stmt" count="9"/>
      <line num="67" type="stmt" count="8"/>
      <line num="70" type="stmt" count="9"/>
      <line num="73" type="method" name="getStorage" visibility="public" complexity="1" crap="2" count="0"/>
      <line num="75" type="stmt" count="0"/>
      <line num="81" type="method" name="getMetrics" visibility="public" complexity="1" crap="1" count="6"/>
      <line num="83" type="stmt" count="6"/>
      <metrics loc="86" ncloc="74" classes="1" methods="5" coveredmethods="3" conditionals="0" coveredconditionals="0" statements="25" coveredstatements="23" elements="30" coveredelements="26"/>
    </file>
    <file name="/var/www/src/Core/DataMasker.php">
      <class name="Aura\Core\DataMasker" namespace="global">
        <metrics complexity="8" methods="3" coveredmethods="2" conditionals="0" coveredconditionals="0" statements="13" coveredstatements="12" elements="16" coveredelements="14"/>
      </class>
      <line num="11" type="method" name="mask" visibility="public" complexity="4" crap="4" count="43"/>
      <line num="13" type="stmt" count="43"/>
      <line num="14" type="stmt" count="43"/>
      <line num="15" type="stmt" count="43"/>
      <line num="16" type="stmt" count="43"/>
      <line num="19" type="stmt" count="43"/>
      <line num="20" type="stmt" count="4"/>
      <line num="24" type="stmt" count="43"/>
      <line num="27" type="method" name="maskSql" visibility="public" complexity="1" crap="2" count="0"/>
      <line num="31" type="stmt" count="0"/>
      <line num="34" type="method" name="shouldMask" visibility="protected" complexity="3" crap="3" count="43"/>
      <line num="36" type="stmt" count="43"/>
      <line num="38" type="stmt" count="43"/>
      <line num="39" type="stmt" count="43"/>
      <line num="40" type="stmt" count="4"/>
      <line num="44" type="stmt" count="43"/>
      <metrics loc="47" ncloc="45" classes="1" methods="3" coveredmethods="2" conditionals="0" coveredconditionals="0" statements="13" coveredstatements="12" elements="16" coveredelements="14"/>
    </file>
    <file name="/var/www/src/Core/InsightEngine.php">
      <class name="Aura\Core\InsightEngine" namespace="global">
        <metrics complexity="5" methods="3" coveredmethods="3" conditionals="0" coveredconditionals="0" statements="7" coveredstatements="7" elements="10" coveredelements="10"/>
      </class>
      <line num="15" type="method" name="__construct" visibility="public" complexity="2" crap="2" count="43"/>
      <line num="17" type="stmt" count="43"/>
      <line num="18" type="stmt" count="1"/>
      <line num="22" type="method" name="addInsight" visibility="public" complexity="1" crap="1" count="1"/>
      <line num="24" type="stmt" count="1"/>
      <line num="33" type="method" name="analyze" visibility="public" complexity="2" crap="2" count="11"/>
      <line num="35" type="stmt" count="11"/>
      <line num="37" type="stmt" count="11"/>
      <line num="38" type="stmt" count="1"/>
      <line num="41" type="stmt" count="11"/>
      <metrics loc="44" ncloc="37" classes="1" methods="3" coveredmethods="3" conditionals="0" coveredconditionals="0" statements="7" coveredstatements="7" elements="10" coveredelements="10"/>
    </file>
    <file name="/var/www/src/Core/Tracker.php">
      <class name="Aura\Core\Tracker" namespace="global">
        <metrics complexity="3" methods="2" coveredmethods="2" conditionals="0" coveredconditionals="0" statements="4" coveredstatements="4" elements="6" coveredelements="6"/>
      </class>
      <line num="13" type="method" name="getTraceId" visibility="public" complexity="2" crap="2" count="43"/>
      <line num="15" type="stmt" count="43"/>
      <line num="16" type="stmt" count="43"/>
      <line num="19" type="stmt" count="43"/>
      <line num="22" type="method" name="setTraceId" visibility="public" complexity="1" crap="1" count="2"/>
      <line num="24" type="stmt" count="2"/>
      <metrics loc="27" ncloc="27" classes="1" methods="2" coveredmethods="2" conditionals="0" coveredconditionals="0" statements="4" coveredstatements="4" elements="6" coveredelements="6"/>
    </file>
    <file name="/var/www/src/DTO/MetricData.php">
      <class name="Aura\DTO\MetricData" namespace="global">
        <metrics complexity="3" methods="3" coveredmethods="3" conditionals="0" coveredconditionals="0" statements="9" coveredstatements="9" elements="12" coveredelements="12"/>
      </class>
      <line num="17" type="method" name="__construct" visibility="public" complexity="1" crap="1" count="43"/>
      <line num="24" type="stmt" count="43"/>
      <line num="26" type="method" name="getTimestamp" visibility="public" complexity="1" crap="1" count="14"/>
      <line num="28" type="stmt" count="14"/>
      <line num="31" type="method" name="toArray" visibility="public" complexity="1" crap="1" count="5"/>
      <line num="33" type="stmt" count="5"/>
      <line num="34" type="stmt" count="5"/>
      <line num="35" type="stmt" count="5"/>
      <line num="36" type="stmt" count="5"/>
      <line num="37" type="stmt" count="5"/>
      <line num="38" type="stmt" count="5"/>
      <line num="39" type="stmt" count="5"/>
      <metrics loc="42" ncloc="36" classes="1" methods="3" coveredmethods="3" conditionals="0" coveredconditionals="0" statements="9" coveredstatements="9" elements="12" coveredelements="12"/>
    </file>
    <file name="/var/www/src/DTO/MetricType.php">
      <metrics loc="16" ncloc="16" classes="0" methods="0" coveredmethods="0" conditionals="0" coveredconditionals="0" statements="0" coveredstatements="0" elements="0" coveredelements="0"/>
    </file>
    <file name="/var/www/src/Database/Migrations/2026_04_01_000000_create_aura_metrics_table.php">
      <line num="7" type="stmt" count="1"/>
      <line num="8" type="stmt" count="1"/>
      <line num="11" type="stmt" count="43"/>
      <line num="12" type="stmt" count="43"/>
      <line num="13" type="stmt" count="43"/>
      <line num="14" type="stmt" count="43"/>
      <line num="15" type="stmt" count="43"/>
      <line num="16" type="stmt" count="43"/>
      <line num="17" type="stmt" count="43"/>
      <line num="18" type="stmt" count="43"/>
      <line num="23" type="stmt" count="43"/>
      <line num="25" type="stmt" count="1"/>
      <metrics loc="26" ncloc="26" classes="0" methods="0" coveredmethods="0" conditionals="0" coveredconditionals="0" statements="12" coveredstatements="12" elements="12" coveredelements="12"/>
    </file>
    <file name="/var/www/src/Http/Controllers/DashboardController.php">
      <class name="Aura\Http\Controllers\DashboardController" namespace="global">
        <metrics complexity="5" methods="3" coveredmethods="3" conditionals="0" coveredconditionals="0" statements="27" coveredstatements="27" elements="30" coveredelements="30"/>
      </class>
      <line num="14" type="method" name="__construct" visibility="public" complexity="1" crap="1" count="5"/>
      <line num="17" type="stmt" count="5"/>
      <line num="19" type="method" name="index" visibility="public" complexity="2" crap="2" count="2"/>
      <line num="21" type="stmt" count="2"/>
      <line num="24" type="stmt" count="2"/>
      <line num="25" type="stmt" count="1"/>
      <line num="26" type="stmt" count="2"/>
      <line num="29" type="stmt" count="2"/>
      <line num="30" type="stmt" count="1"/>
      <line num="31" type="stmt" count="2"/>
      <line num="33" type="stmt" count="2"/>
      <line num="34" type="stmt" count="2"/>
      <line num="35" type="stmt" count="1"/>
      <line num="36" type="stmt" count="2"/>
      <line num="38" type="stmt" count="2"/>
      <line num="39" type="stmt" count="2"/>
      <line num="40" type="stmt" count="2"/>
      <line num="41" type="stmt" count="2"/>
      <line num="42" type="stmt" count="2"/>
      <line num="43" type="stmt" count="2"/>
      <line num="44" type="stmt" count="2"/>
      <line num="45" type="stmt" count="2"/>
      <line num="46" type="stmt" count="2"/>
      <line num="49" type="method" name="metrics" visibility="public" complexity="2" crap="2" count="2"/>
      <line num="51" type="stmt" count="2"/>
      <line num="53" type="stmt" count="2"/>
      <line num="54" type="stmt" count="1"/>
      <line num="57" type="stmt" count="1"/>
      <line num="58" type="stmt" count="1"/>
      <line num="59" type="stmt" count="1"/>
      <metrics loc="62" ncloc="60" classes="1" methods="3" coveredmethods="3" conditionals="0" coveredconditionals="0" statements="27" coveredstatements="27" elements="30" coveredelements="30"/>
    </file>
    <file name="/var/www/src/Http/Middleware/AuraShieldMiddleware.php">
      <class name="Aura\Http\Middleware\AuraShieldMiddleware" namespace="global">
        <metrics complexity="2" methods="1" coveredmethods="1" conditionals="0" coveredconditionals="0" statements="3" coveredstatements="3" elements="4" coveredelements="4"/>
      </class>
      <line num="12" type="method" name="handle" visibility="public" complexity="2" crap="2" count="5"/>
      <line num="14" type="stmt" count="5"/>
      <line num="15" type="stmt" count="1"/>
      <line num="18" type="stmt" count="4"/>
      <metrics loc="21" ncloc="21" classes="1" methods="1" coveredmethods="1" conditionals="0" coveredconditionals="0" statements="3" coveredstatements="3" elements="4" coveredelements="4"/>
    </file>
    <file name="/var/www/src/Insights/DatabaseInsight.php">
      <class name="Aura\Insights\DatabaseInsight" namespace="global">
        <metrics complexity="7" methods="1" coveredmethods="1" conditionals="0" coveredconditionals="0" statements="39" coveredstatements="39" elements="40" coveredelements="40"/>
      </class>
      <line num="17" type="method" name="process" visibility="public" complexity="7" crap="7" count="4"/>
      <line num="19" type="stmt" count="4"/>
      <line num="21" type="stmt" count="4"/>
      <line num="22" type="stmt" count="1"/>
      <line num="25" type="stmt" count="3"/>
      <line num="26" type="stmt" count="3"/>
      <line num="27" type="stmt" count="3"/>
      <line num="29" type="stmt" count="3"/>
      <line num="30" type="stmt" count="3"/>
      <line num="32" type="stmt" count="3"/>
      <line num="33" type="stmt" count="3"/>
      <line num="34" type="stmt" count="3"/>
      <line num="36" type="stmt" count="3"/>
      <line num="37" type="stmt" count="3"/>
      <line num="39" type="stmt" count="3"/>
      <line num="40" type="stmt" count="3"/>
      <line num="42" type="stmt" count="3"/>
      <line num="43" type="stmt" count="1"/>
      <line num="44" type="stmt" count="1"/>
      <line num="45" type="stmt" count="1"/>
      <line num="46" type="stmt" count="1"/>
      <line num="47" type="stmt" count="1"/>
      <line num="48" type="stmt" count="1"/>
      <line num="49" type="stmt" count="1"/>
      <line num="50" type="stmt" count="1"/>
      <line num="51" type="stmt" count="1"/>
      <line num="52" type="stmt" count="1"/>
      <line num="55" type="stmt" count="3"/>
      <line num="56" type="stmt" count="2"/>
      <line num="57" type="stmt" count="2"/>
      <line num="58" type="stmt" count="2"/>
      <line num="59" type="stmt" count="2"/>
      <line num="60" type="stmt" count="2"/>
      <line num="61" type="stmt" count="2"/>
      <line num="62" type="stmt" count="2"/>
      <line num="63" type="stmt" count="2"/>
      <line num="64" type="stmt" count="2"/>
      <line num="65" type="stmt" count="2"/>
      <line num="66" type="stmt" count="2"/>
      <line num="70" type="stmt" count="3"/>
      <metrics loc="73" ncloc="73" classes="1" methods="1" coveredmethods="1" conditionals="0" coveredconditionals="0" statements="39" coveredstatements="39" elements="40" coveredelements="40"/>
    </file>
    <file name="/var/www/src/Resources/views/dashboard/index.blade.php">
      <line num="1" type="stmt" count="0"/>
      <line num="2" type="stmt" count="0"/>
      <line num="3" type="stmt" count="0"/>
      <line num="4" type="stmt" count="0"/>
      <line num="5" type="stmt" count="0"/>
      <line num="6" type="stmt" count="0"/>
      <line num="7" type="stmt" count="0"/>
      <line num="8" type="stmt" count="0"/>
      <line num="9" type="stmt" count="0"/>
      <line num="10" type="stmt" count="0"/>
      <line num="11" type="stmt" count="0"/>
      <line num="12" type="stmt" count="0"/>
      <line num="13" type="stmt" count="0"/>
      <line num="14" type="stmt" count="0"/>
      <line num="15" type="stmt" count="0"/>
      <line num="16" type="stmt" count="0"/>
      <line num="17" type="stmt" count="0"/>
      <line num="18" type="stmt" count="0"/>
      <line num="19" type="stmt" count="0"/>
      <line num="20" type="stmt" count="0"/>
      <line num="21" type="stmt" count="0"/>
      <line num="22" type="stmt" count="0"/>
      <line num="23" type="stmt" count="0"/>
      <line num="24" type="stmt" count="0"/>
      <line num="25" type="stmt" count="0"/>
      <line num="26" type="stmt" count="0"/>
      <line num="27" type="stmt" count="0"/>
      <line num="28" type="stmt" count="0"/>
      <line num="29" type="stmt" count="0"/>
      <line num="30" type="stmt" count="0"/>
      <line num="31" type="stmt" count="0"/>
      <line num="32" type="stmt" count="0"/>
      <line num="33" type="stmt" count="0"/>
      <line num="35" type="stmt" count="0"/>
      <line num="36" type="stmt" count="0"/>
      <line num="37" type="stmt" count="0"/>
      <line num="38" type="stmt" count="0"/>
      <line num="39" type="stmt" count="0"/>
      <line num="40" type="stmt" count="0"/>
      <line num="41" type="stmt" count="0"/>
      <line num="42" type="stmt" count="0"/>
      <line num="43" type="stmt" count="0"/>
      <line num="44" type="stmt" count="0"/>
      <line num="45" type="stmt" count="0"/>
      <line num="46" type="stmt" count="0"/>
      <line num="47" type="stmt" count="0"/>
      <line num="48" type="stmt" count="0"/>
      <line num="49" type="stmt" count="0"/>
      <line num="50" type="stmt" count="0"/>
      <line num="51" type="stmt" count="0"/>
      <line num="52" type="stmt" count="0"/>
      <line num="53" type="stmt" count="0"/>
      <line num="55" type="stmt" count="0"/>
      <line num="56" type="stmt" count="0"/>
      <line num="57" type="stmt" count="0"/>
      <line num="58" type="stmt" count="0"/>
      <line num="59" type="stmt" count="0"/>
      <line num="60" type="stmt" count="0"/>
      <line num="61" type="stmt" count="0"/>
      <line num="62" type="stmt" count="0"/>
      <line num="63" type="stmt" count="0"/>
      <line num="64" type="stmt" count="0"/>
      <line num="65" type="stmt" count="0"/>
      <line num="66" type="stmt" count="0"/>
      <line num="67" type="stmt" count="0"/>
      <line num="68" type="stmt" count="0"/>
      <line num="69" type="stmt" count="0"/>
      <line num="70" type="stmt" count="0"/>
      <line num="71" type="stmt" count="0"/>
      <line num="72" type="stmt" count="0"/>
      <line num="73" type="stmt" count="0"/>
      <line num="74" type="stmt" count="0"/>
      <line num="75" type="stmt" count="0"/>
      <line num="76" type="stmt" count="0"/>
      <line num="77" type="stmt" count="0"/>
      <line num="78" type="stmt" count="0"/>
      <line num="80" type="stmt" count="0"/>
      <line num="81" type="stmt" count="0"/>
      <line num="82" type="stmt" count="0"/>
      <line num="83" type="stmt" count="0"/>
      <line num="84" type="stmt" count="0"/>
      <line num="85" type="stmt" count="0"/>
      <line num="86" type="stmt" count="0"/>
      <line num="87" type="stmt" count="0"/>
      <line num="88" type="stmt" count="0"/>
      <line num="89" type="stmt" count="0"/>
      <line num="90" type="stmt" count="0"/>
      <line num="91" type="stmt" count="0"/>
      <line num="92" type="stmt" count="0"/>
      <line num="93" type="stmt" count="0"/>
      <line num="94" type="stmt" count="0"/>
      <line num="95" type="stmt" count="0"/>
      <line num="96" type="stmt" count="0"/>
      <line num="97" type="stmt" count="0"/>
      <line num="98" type="stmt" count="0"/>
      <line num="99" type="stmt" count="0"/>
      <line num="100" type="stmt" count="0"/>
      <line num="101" type="stmt" count="0"/>
      <line num="102" type="stmt" count="0"/>
      <line num="103" type="stmt" count="0"/>
      <line num="105" type="stmt" count="0"/>
      <line num="106" type="stmt" count="0"/>
      <line num="107" type="stmt" count="0"/>
      <line num="108" type="stmt" count="0"/>
      <line num="109" type="stmt" count="0"/>
      <line num="110" type="stmt" count="0"/>
      <line num="111" type="stmt" count="0"/>
      <line num="112" type="stmt" count="0"/>
      <line num="113" type="stmt" count="0"/>
      <line num="114" type="stmt" count="0"/>
      <line num="115" type="stmt" count="0"/>
      <line num="116" type="stmt" count="0"/>
      <line num="117" type="stmt" count="0"/>
      <line num="118" type="stmt" count="0"/>
      <line num="119" type="stmt" count="0"/>
      <line num="120" type="stmt" count="0"/>
      <line num="121" type="stmt" count="0"/>
      <line num="122" type="stmt" count="0"/>
      <line num="123" type="stmt" count="0"/>
      <line num="124" type="stmt" count="0"/>
      <line num="125" type="stmt" count="0"/>
      <line num="126" type="stmt" count="0"/>
      <line num="127" type="stmt" count="0"/>
      <line num="129" type="stmt" count="0"/>
      <line num="130" type="stmt" count="0"/>
      <line num="131" type="stmt" count="0"/>
      <line num="132" type="stmt" count="0"/>
      <line num="133" type="stmt" count="0"/>
      <line num="134" type="stmt" count="0"/>
      <line num="135" type="stmt" count="0"/>
      <line num="136" type="stmt" count="0"/>
      <line num="137" type="stmt" count="0"/>
      <line num="138" type="stmt" count="0"/>
      <line num="139" type="stmt" count="0"/>
      <line num="140" type="stmt" count="0"/>
      <line num="141" type="stmt" count="0"/>
      <line num="142" type="stmt" count="0"/>
      <line num="143" type="stmt" count="0"/>
      <line num="145" type="stmt" count="0"/>
      <line num="146" type="stmt" count="0"/>
      <line num="147" type="stmt" count="0"/>
      <line num="148" type="stmt" count="0"/>
      <line num="149" type="stmt" count="0"/>
      <line num="150" type="stmt" count="0"/>
      <line num="151" type="stmt" count="0"/>
      <line num="152" type="stmt" count="0"/>
      <line num="153" type="stmt" count="0"/>
      <line num="154" type="stmt" count="0"/>
      <line num="155" type="stmt" count="0"/>
      <line num="156" type="stmt" count="0"/>
      <line num="157" type="stmt" count="0"/>
      <line num="158" type="stmt" count="0"/>
      <line num="159" type="stmt" count="0"/>
      <line num="160" type="stmt" count="0"/>
      <line num="161" type="stmt" count="0"/>
      <line num="162" type="stmt" count="0"/>
      <line num="163" type="stmt" count="0"/>
      <line num="164" type="stmt" count="0"/>
      <line num="165" type="stmt" count="0"/>
      <line num="166" type="stmt" count="0"/>
      <line num="167" type="stmt" count="0"/>
      <line num="168" type="stmt" count="0"/>
      <metrics loc="169" ncloc="169" classes="0" methods="0" coveredmethods="0" conditionals="0" coveredconditionals="0" statements="162" coveredstatements="0" elements="162" coveredelements="0"/>
    </file>
    <file name="/var/www/src/Routes/web.php">
      <line num="6" type="stmt" count="43"/>
      <line num="7" type="stmt" count="43"/>
      <line num="8" type="stmt" count="43"/>
      <line num="9" type="stmt" count="43"/>
      <line num="10" type="stmt" count="43"/>
      <line num="11" type="stmt" count="43"/>
      <metrics loc="12" ncloc="12" classes="0" methods="0" coveredmethods="0" conditionals="0" coveredconditionals="0" statements="6" coveredstatements="6" elements="6" coveredelements="6"/>
    </file>
    <file name="/var/www/src/Storage/DatabaseStorage.php">
      <class name="Aura\Storage\DatabaseStorage" namespace="global">
        <metrics complexity="6" methods="6" coveredmethods="6" conditionals="0" coveredconditionals="0" statements="27" coveredstatements="27" elements="33" coveredelements="33"/>
      </class>
      <line num="18" type="method" name="__construct" visibility="public" complexity="1" crap="1" count="11"/>
      <line num="20" type="stmt" count="11"/>
      <line num="23" type="method" name="store" visibility="public" complexity="1" crap="1" count="4"/>
      <line num="25" type="stmt" count="4"/>
      <line num="28" type="method" name="storeBatch" visibility="public" complexity="1" crap="1" count="8"/>
      <line num="30" type="stmt" count="8"/>
      <line num="32" type="stmt" count="8"/>
      <line num="35" type="method" name="retrieve" visibility="public" complexity="1" crap="1" count="3"/>
      <line num="37" type="stmt" count="3"/>
      <line num="38" type="stmt" count="3"/>
      <line num="39" type="stmt" count="3"/>
      <line num="40" type="stmt" count="3"/>
      <line num="41" type="stmt" count="3"/>
      <line num="42" type="stmt" count="3"/>
      <line num="43" type="stmt" count="3"/>
      <line num="44" type="stmt" count="3"/>
      <line num="45" type="stmt" count="3"/>
      <line num="46" type="stmt" count="3"/>
      <line num="47" type="stmt" count="3"/>
      <line num="48" type="stmt" count="3"/>
      <line num="51" type="method" name="prune" visibility="public" complexity="1" crap="1" count="1"/>
      <line num="53" type="stmt" count="1"/>
      <line num="54" type="stmt" count="1"/>
      <line num="55" type="stmt" count="1"/>
      <line num="58" type="method" name="serialize" visibility="protected" complexity="1" crap="1" count="10"/>
      <line num="60" type="stmt" count="10"/>
      <line num="61" type="stmt" count="10"/>
      <line num="62" type="stmt" count="10"/>
      <line num="63" type="stmt" count="10"/>
      <line num="64" type="stmt" count="10"/>
      <line num="65" type="stmt" count="10"/>
      <line num="66" type="stmt" count="10"/>
      <line num="67" type="stmt" count="10"/>
      <metrics loc="70" ncloc="70" classes="1" methods="6" coveredmethods="6" conditionals="0" coveredconditionals="0" statements="27" coveredstatements="27" elements="33" coveredelements="33"/>
    </file>
    <file name="/var/www/src/Storage/NullStorage.php">
      <class name="Aura\Storage\NullStorage" namespace="global">
        <metrics complexity="4" methods="4" coveredmethods="4" conditionals="0" coveredconditionals="0" statements="4" coveredstatements="4" elements="8" coveredelements="8"/>
      </class>
      <line num="14" type="method" name="store" visibility="public" complexity="1" crap="1" count="1"/>
      <line num="16" type="stmt" count="1"/>
      <line num="18" type="method" name="storeBatch" visibility="public" complexity="1" crap="1" count="1"/>
      <line num="20" type="stmt" count="1"/>
      <line num="22" type="method" name="retrieve" visibility="public" complexity="1" crap="1" count="1"/>
      <line num="24" type="stmt" count="1"/>
      <line num="27" type="method" name="prune" visibility="public" complexity="1" crap="1" count="1"/>
      <line num="29" type="stmt" count="1"/>
      <metrics loc="31" ncloc="31" classes="1" methods="4" coveredmethods="4" conditionals="0" coveredconditionals="0" statements="4" coveredstatements="4" elements="8" coveredelements="8"/>
    </file>
    <file name="/var/www/src/Storage/RedisStorage.php">
      <class name="Aura\Storage\RedisStorage" namespace="global">
        <metrics complexity="4" methods="4" coveredmethods="4" conditionals="0" coveredconditionals="0" statements="16" coveredstatements="16" elements="20" coveredelements="20"/>
      </class>
      <line num="17" type="method" name="store" visibility="public" complexity="1" crap="1" count="2"/>
      <line num="19" type="stmt" count="2"/>
      <line num="22" type="method" name="storeBatch" visibility="public" complexity="1" crap="1" count="2"/>
      <line num="24" type="stmt" count="2"/>
      <line num="26" type="stmt" count="2"/>
      <line num="29" type="method" name="retrieve" visibility="public" complexity="1" crap="1" count="4"/>
      <line num="31" type="stmt" count="4"/>
      <line num="33" type="stmt" count="4"/>
      <line num="34" type="stmt" count="4"/>
      <line num="35" type="stmt" count="4"/>
      <line num="36" type="stmt" count="4"/>
      <line num="37" type="stmt" count="4"/>
      <line num="38" type="stmt" count="4"/>
      <line num="39" type="stmt" count="4"/>
      <line num="40" type="stmt" count="4"/>
      <line num="41" type="stmt" count="4"/>
      <line num="42" type="stmt" count="4"/>
      <line num="43" type="stmt" count="4"/>
      <line num="46" type="method" name="prune" visibility="public" complexity="1" crap="1" count="1"/>
      <line num="48" type="stmt" count="1"/>
      <metrics loc="51" ncloc="51" classes="1" methods="4" coveredmethods="4" conditionals="0" coveredconditionals="0" statements="16" coveredstatements="16" elements="20" coveredelements="20"/>
    </file>
    <file name="/var/www/src/Storage/StorageManager.php">
      <class name="Aura\Storage\StorageManager" namespace="global">
        <metrics complexity="8" methods="8" coveredmethods="8" conditionals="0" coveredconditionals="0" statements="8" coveredstatements="8" elements="16" coveredelements="16"/>
      </class>
      <line num="12" type="method" name="getDefaultDriver" visibility="public" complexity="1" crap="1" count="9"/>
      <line num="14" type="stmt" count="9"/>
      <line num="17" type="method" name="createDatabaseDriver" visibility="protected" complexity="1" crap="1" count="9"/>
      <line num="19" type="stmt" count="9"/>
      <line num="22" type="method" name="createRedisDriver" visibility="protected" complexity="1" crap="1" count="1"/>
      <line num="24" type="stmt" count="1"/>
      <line num="27" type="method" name="createNullDriver" visibility="protected" complexity="1" crap="1" count="1"/>
      <line num="29" type="stmt" count="1"/>
      <line num="35" type="method" name="store" visibility="public" complexity="1" crap="1" count="3"/>
      <line num="37" type="stmt" count="3"/>
      <line num="43" type="method" name="storeBatch" visibility="public" complexity="1" crap="1" count="7"/>
      <line num="45" type="stmt" count="7"/>
      <line num="53" type="method" name="retrieve" visibility="public" complexity="1" crap="1" count="3"/>
      <line num="55" type="stmt" count="3"/>
      <line num="61" type="method" name="prune" visibility="public" complexity="1" crap="1" count="1"/>
      <line num="63" type="stmt" count="1"/>
      <metrics loc="66" ncloc="52" classes="1" methods="8" coveredmethods="8" conditionals="0" coveredconditionals="0" statements="8" coveredstatements="8" elements="16" coveredelements="16"/>
    </file>
    <metrics files="30" loc="1476" ncloc="1353" classes="22" methods="77" coveredmethods="71" conditionals="0" coveredconditionals="0" statements="533" coveredstatements="363" elements="610" coveredelements="434"/>
  </project>
</coverage>
